<?xml version="1.0" encoding="UTF-8"?>
<coverage generated="1737370160568" clover="3.2.0">
  <project timestamp="1737370160569" name="All files">
    <metrics statements="13" coveredstatements="13" conditionals="8" coveredconditionals="8" methods="2" coveredmethods="2" elements="23" coveredelements="23" complexity="0" loc="13" ncloc="13" packages="1" files="1" classes="1"/>
    <file name="age-calculator.ts" path="/Users/user/Documents/Work/Invygo/AgeCalculatorKata/age-calculator.ts">
      <metrics statements="13" coveredstatements="13" conditionals="8" coveredconditionals="8" methods="2" coveredmethods="2"/>
      <line num="1" count="1" type="cond" truecount="1" falsecount="0"/>
      <line num="2" count="9" type="cond" truecount="1" falsecount="0"/>
      <line num="3" count="9" type="stmt"/>
      <line num="4" count="9" type="cond" truecount="2" falsecount="0"/>
      <line num="5" count="9" type="cond" truecount="2" falsecount="0"/>
      <line num="6" count="2" type="stmt"/>
      <line num="7" count="9" type="stmt"/>
      <line num="8" count="9" type="stmt"/>
      <line num="17" count="7" type="cond" truecount="1" falsecount="0"/>
      <line num="18" count="7" type="stmt"/>
      <line num="19" count="7" type="cond" truecount="1" falsecount="0"/>
      <line num="20" count="4" type="stmt"/>
      <line num="22" count="7" type="stmt"/>
    </file>
  </project>
</coverage>
