{"/Users/user/Documents/Work/Invygo/ExpenseReportKata/assignment/app/expense-report.ts": {"path":"/Users/user/Documents/Work/Invygo/ExpenseReportKata/assignment/app/expense-report.ts","all":false,"statementMap":{"2":{"start":{"line":3,"column":0},"end":{"line":3,"column":15}},"5":{"start":{"line":6,"column":0},"end":{"line":6,"column":50}},"6":{"start":{"line":7,"column":0},"end":{"line":7,"column":21}},"7":{"start":{"line":8,"column":0},"end":{"line":8,"column":25}},"8":{"start":{"line":9,"column":0},"end":{"line":9,"column":3}},"9":{"start":{"line":10,"column":0},"end":{"line":10,"column":1}},"11":{"start":{"line":12,"column":0},"end":{"line":12,"column":62}},"12":{"start":{"line":13,"column":0},"end":{"line":13,"column":32}},"13":{"start":{"line":14,"column":0},"end":{"line":14,"column":31}},"15":{"start":{"line":16,"column":0},"end":{"line":16,"column":17}},"16":{"start":{"line":17,"column":0},"end":{"line":17,"column":46}},"17":{"start":{"line":18,"column":0},"end":{"line":18,"column":37}},"18":{"start":{"line":19,"column":0},"end":{"line":19,"column":37}},"19":{"start":{"line":20,"column":0},"end":{"line":20,"column":25}},"20":{"start":{"line":21,"column":0},"end":{"line":21,"column":33}},"21":{"start":{"line":22,"column":0},"end":{"line":22,"column":48}},"22":{"start":{"line":23,"column":0},"end":{"line":23,"column":20}},"23":{"start":{"line":24,"column":0},"end":{"line":24,"column":6}},"24":{"start":{"line":25,"column":0},"end":{"line":25,"column":38}},"25":{"start":{"line":26,"column":0},"end":{"line":26,"column":37}},"26":{"start":{"line":27,"column":0},"end":{"line":27,"column":25}},"27":{"start":{"line":28,"column":0},"end":{"line":28,"column":30}},"28":{"start":{"line":29,"column":0},"end":{"line":29,"column":48}},"29":{"start":{"line":30,"column":0},"end":{"line":30,"column":17}},"30":{"start":{"line":31,"column":0},"end":{"line":31,"column":6}},"31":{"start":{"line":32,"column":0},"end":{"line":32,"column":10}},"32":{"start":{"line":33,"column":0},"end":{"line":33,"column":25}},"33":{"start":{"line":34,"column":0},"end":{"line":34,"column":72}},"34":{"start":{"line":35,"column":0},"end":{"line":35,"column":6}},"35":{"start":{"line":36,"column":0},"end":{"line":36,"column":3}},"37":{"start":{"line":38,"column":0},"end":{"line":38,"column":17}},"38":{"start":{"line":39,"column":0},"end":{"line":39,"column":38}},"39":{"start":{"line":40,"column":0},"end":{"line":40,"column":38}},"40":{"start":{"line":41,"column":0},"end":{"line":41,"column":25}},"41":{"start":{"line":42,"column":0},"end":{"line":42,"column":102}},"42":{"start":{"line":43,"column":0},"end":{"line":43,"column":6}},"43":{"start":{"line":44,"column":0},"end":{"line":44,"column":39}},"44":{"start":{"line":45,"column":0},"end":{"line":45,"column":38}},"45":{"start":{"line":46,"column":0},"end":{"line":46,"column":3}},"46":{"start":{"line":47,"column":0},"end":{"line":47,"column":35}},"47":{"start":{"line":48,"column":0},"end":{"line":48,"column":66}},"48":{"start":{"line":49,"column":0},"end":{"line":49,"column":37}},"49":{"start":{"line":50,"column":0},"end":{"line":50,"column":5}},"51":{"start":{"line":52,"column":0},"end":{"line":52,"column":25}},"52":{"start":{"line":53,"column":0},"end":{"line":53,"column":27}},"53":{"start":{"line":54,"column":0},"end":{"line":54,"column":20}},"54":{"start":{"line":55,"column":0},"end":{"line":55,"column":31}},"55":{"start":{"line":56,"column":0},"end":{"line":56,"column":14}},"56":{"start":{"line":57,"column":0},"end":{"line":57,"column":23}},"57":{"start":{"line":58,"column":0},"end":{"line":58,"column":34}},"58":{"start":{"line":59,"column":0},"end":{"line":59,"column":14}},"59":{"start":{"line":60,"column":0},"end":{"line":60,"column":24}},"60":{"start":{"line":61,"column":0},"end":{"line":61,"column":35}},"61":{"start":{"line":62,"column":0},"end":{"line":62,"column":14}},"62":{"start":{"line":63,"column":0},"end":{"line":63,"column":5}},"64":{"start":{"line":65,"column":0},"end":{"line":65,"column":32}},"65":{"start":{"line":66,"column":0},"end":{"line":66,"column":60}},"66":{"start":{"line":67,"column":0},"end":{"line":67,"column":60}},"67":{"start":{"line":68,"column":0},"end":{"line":68,"column":13}},"68":{"start":{"line":69,"column":0},"end":{"line":69,"column":14}},"70":{"start":{"line":71,"column":0},"end":{"line":71,"column":19}},"71":{"start":{"line":72,"column":0},"end":{"line":72,"column":27}},"72":{"start":{"line":73,"column":0},"end":{"line":73,"column":20}},"73":{"start":{"line":74,"column":0},"end":{"line":74,"column":23}},"74":{"start":{"line":75,"column":0},"end":{"line":75,"column":23}},"75":{"start":{"line":76,"column":0},"end":{"line":76,"column":26}},"76":{"start":{"line":77,"column":0},"end":{"line":77,"column":23}},"77":{"start":{"line":78,"column":0},"end":{"line":78,"column":34}},"78":{"start":{"line":79,"column":0},"end":{"line":79,"column":24}},"79":{"start":{"line":80,"column":0},"end":{"line":80,"column":8}},"80":{"start":{"line":81,"column":0},"end":{"line":81,"column":12}},"81":{"start":{"line":82,"column":0},"end":{"line":82,"column":27}},"82":{"start":{"line":83,"column":0},"end":{"line":83,"column":21}},"83":{"start":{"line":84,"column":0},"end":{"line":84,"column":16}},"84":{"start":{"line":85,"column":0},"end":{"line":85,"column":26}},"85":{"start":{"line":86,"column":0},"end":{"line":86,"column":16}},"86":{"start":{"line":87,"column":0},"end":{"line":87,"column":34}},"87":{"start":{"line":88,"column":0},"end":{"line":88,"column":14}},"88":{"start":{"line":89,"column":0},"end":{"line":89,"column":8}},"89":{"start":{"line":90,"column":0},"end":{"line":90,"column":5}},"91":{"start":{"line":92,"column":0},"end":{"line":92,"column":36}},"92":{"start":{"line":93,"column":0},"end":{"line":93,"column":3}},"93":{"start":{"line":94,"column":0},"end":{"line":94,"column":17}},"94":{"start":{"line":95,"column":0},"end":{"line":95,"column":39}},"95":{"start":{"line":96,"column":0},"end":{"line":96,"column":39}},"96":{"start":{"line":97,"column":0},"end":{"line":97,"column":3}},"98":{"start":{"line":99,"column":0},"end":{"line":99,"column":17}},"99":{"start":{"line":100,"column":0},"end":{"line":100,"column":73}},"100":{"start":{"line":101,"column":0},"end":{"line":101,"column":75}},"101":{"start":{"line":102,"column":0},"end":{"line":102,"column":10}},"102":{"start":{"line":103,"column":0},"end":{"line":103,"column":66}},"103":{"start":{"line":104,"column":0},"end":{"line":104,"column":68}},"104":{"start":{"line":105,"column":0},"end":{"line":105,"column":3}},"106":{"start":{"line":107,"column":0},"end":{"line":107,"column":17}},"107":{"start":{"line":108,"column":0},"end":{"line":108,"column":38}},"108":{"start":{"line":109,"column":0},"end":{"line":109,"column":38}},"109":{"start":{"line":110,"column":0},"end":{"line":110,"column":3}},"110":{"start":{"line":111,"column":0},"end":{"line":111,"column":1}}},"s":{"2":1,"5":1,"6":12,"7":12,"8":12,"9":1,"11":4,"12":4,"13":4,"15":4,"16":2,"17":2,"18":2,"19":2,"20":2,"21":2,"22":2,"23":2,"24":2,"25":2,"26":2,"27":2,"28":2,"29":2,"30":2,"31":2,"32":2,"33":2,"34":2,"35":2,"37":4,"38":2,"39":2,"40":2,"41":2,"42":2,"43":2,"44":2,"45":2,"46":4,"47":12,"48":8,"49":8,"51":12,"52":12,"53":12,"54":4,"55":4,"56":12,"57":4,"58":4,"59":12,"60":4,"61":4,"62":12,"64":12,"65":12,"66":10,"67":4,"68":8,"70":12,"71":6,"72":6,"73":6,"74":6,"75":6,"76":6,"77":6,"78":6,"79":6,"80":6,"81":6,"82":6,"83":6,"84":6,"85":6,"86":6,"87":6,"88":6,"89":6,"91":12,"92":12,"93":4,"94":2,"95":2,"96":2,"98":4,"99":2,"100":2,"101":2,"102":2,"103":2,"104":2,"106":4,"107":2,"108":2,"109":2,"110":4},"branchMap":{"0":{"type":"branch","line":6,"loc":{"start":{"line":6,"column":2},"end":{"line":9,"column":3}},"locations":[{"start":{"line":6,"column":2},"end":{"line":9,"column":3}}]},"1":{"type":"branch","line":12,"loc":{"start":{"line":12,"column":0},"end":{"line":111,"column":1}},"locations":[{"start":{"line":12,"column":0},"end":{"line":111,"column":1}}]},"2":{"type":"branch","line":16,"loc":{"start":{"line":16,"column":16},"end":{"line":36,"column":3}},"locations":[{"start":{"line":16,"column":16},"end":{"line":36,"column":3}}]},"3":{"type":"branch","line":38,"loc":{"start":{"line":38,"column":16},"end":{"line":46,"column":3}},"locations":[{"start":{"line":38,"column":16},"end":{"line":46,"column":3}}]},"4":{"type":"branch","line":47,"loc":{"start":{"line":47,"column":34},"end":{"line":93,"column":3}},"locations":[{"start":{"line":47,"column":34},"end":{"line":93,"column":3}}]},"5":{"type":"branch","line":48,"loc":{"start":{"line":48,"column":24},"end":{"line":48,"column":65}},"locations":[{"start":{"line":48,"column":24},"end":{"line":48,"column":65}}]},"6":{"type":"branch","line":48,"loc":{"start":{"line":48,"column":65},"end":{"line":50,"column":5}},"locations":[{"start":{"line":48,"column":65},"end":{"line":50,"column":5}}]},"7":{"type":"branch","line":54,"loc":{"start":{"line":54,"column":6},"end":{"line":56,"column":14}},"locations":[{"start":{"line":54,"column":6},"end":{"line":56,"column":14}}]},"8":{"type":"branch","line":57,"loc":{"start":{"line":57,"column":6},"end":{"line":59,"column":14}},"locations":[{"start":{"line":57,"column":6},"end":{"line":59,"column":14}}]},"9":{"type":"branch","line":60,"loc":{"start":{"line":60,"column":6},"end":{"line":62,"column":14}},"locations":[{"start":{"line":60,"column":6},"end":{"line":62,"column":14}}]},"10":{"type":"branch","line":66,"loc":{"start":{"line":66,"column":23},"end":{"line":66,"column":60}},"locations":[{"start":{"line":66,"column":23},"end":{"line":66,"column":60}}]},"11":{"type":"branch","line":66,"loc":{"start":{"line":66,"column":52},"end":{"line":67,"column":60}},"locations":[{"start":{"line":66,"column":52},"end":{"line":67,"column":60}}]},"12":{"type":"branch","line":67,"loc":{"start":{"line":67,"column":23},"end":{"line":67,"column":60}},"locations":[{"start":{"line":67,"column":23},"end":{"line":67,"column":60}}]},"13":{"type":"branch","line":67,"loc":{"start":{"line":67,"column":55},"end":{"line":68,"column":13}},"locations":[{"start":{"line":67,"column":55},"end":{"line":68,"column":13}}]},"14":{"type":"branch","line":68,"loc":{"start":{"line":68,"column":10},"end":{"line":69,"column":14}},"locations":[{"start":{"line":68,"column":10},"end":{"line":69,"column":14}}]},"15":{"type":"branch","line":71,"loc":{"start":{"line":71,"column":18},"end":{"line":90,"column":5}},"locations":[{"start":{"line":71,"column":18},"end":{"line":90,"column":5}}]},"16":{"type":"branch","line":94,"loc":{"start":{"line":94,"column":16},"end":{"line":97,"column":3}},"locations":[{"start":{"line":94,"column":16},"end":{"line":97,"column":3}}]},"17":{"type":"branch","line":99,"loc":{"start":{"line":99,"column":16},"end":{"line":105,"column":3}},"locations":[{"start":{"line":99,"column":16},"end":{"line":105,"column":3}}]},"18":{"type":"branch","line":107,"loc":{"start":{"line":107,"column":16},"end":{"line":110,"column":3}},"locations":[{"start":{"line":107,"column":16},"end":{"line":110,"column":3}}]}},"b":{"0":[12],"1":[4],"2":[2],"3":[2],"4":[12],"5":[8],"6":[8],"7":[4],"8":[4],"9":[4],"10":[4],"11":[10],"12":[4],"13":[4],"14":[8],"15":[6],"16":[2],"17":[2],"18":[2]},"fnMap":{"0":{"name":"Expense","decl":{"start":{"line":6,"column":2},"end":{"line":9,"column":3}},"loc":{"start":{"line":6,"column":2},"end":{"line":9,"column":3}},"line":6},"1":{"name":"printReport","decl":{"start":{"line":12,"column":0},"end":{"line":111,"column":1}},"loc":{"start":{"line":12,"column":0},"end":{"line":111,"column":1}},"line":12}},"f":{"0":12,"1":4}}
}
