{"/Users/user/Documents/Work/Invygo/FizzBuzzKata/fizz-buzz.ts": {"path":"/Users/user/Documents/Work/Invygo/FizzBuzzKata/fizz-buzz.ts","all":false,"statementMap":{"4":{"start":{"line":5,"column":0},"end":{"line":5,"column":40}},"5":{"start":{"line":6,"column":0},"end":{"line":6,"column":45}},"6":{"start":{"line":7,"column":0},"end":{"line":7,"column":45}},"7":{"start":{"line":8,"column":0},"end":{"line":8,"column":47}},"8":{"start":{"line":9,"column":0},"end":{"line":9,"column":14}},"9":{"start":{"line":10,"column":0},"end":{"line":10,"column":1}},"11":{"start":{"line":12,"column":0},"end":{"line":12,"column":47}},"12":{"start":{"line":13,"column":0},"end":{"line":13,"column":10}},"13":{"start":{"line":14,"column":0},"end":{"line":14,"column":21}},"14":{"start":{"line":15,"column":0},"end":{"line":15,"column":39}},"15":{"start":{"line":16,"column":0},"end":{"line":16,"column":44}},"16":{"start":{"line":17,"column":0},"end":{"line":17,"column":39}},"17":{"start":{"line":18,"column":0},"end":{"line":18,"column":39}},"18":{"start":{"line":19,"column":0},"end":{"line":19,"column":28}},"19":{"start":{"line":20,"column":0},"end":{"line":20,"column":6}},"20":{"start":{"line":21,"column":0},"end":{"line":21,"column":4}},"21":{"start":{"line":22,"column":0},"end":{"line":22,"column":2}}},"s":{"4":0,"5":0,"6":0,"7":0,"8":0,"9":0,"11":1,"12":11,"13":11,"14":11,"15":11,"16":11,"17":11,"18":1,"19":11,"20":11,"21":11},"branchMap":{"0":{"type":"branch","line":12,"loc":{"start":{"line":12,"column":30},"end":{"line":22,"column":2}},"locations":[{"start":{"line":12,"column":30},"end":{"line":22,"column":2}}]},"1":{"type":"branch","line":14,"loc":{"start":{"line":14,"column":4},"end":{"line":20,"column":6}},"locations":[{"start":{"line":14,"column":4},"end":{"line":20,"column":6}}]},"2":{"type":"branch","line":15,"loc":{"start":{"line":15,"column":21},"end":{"line":15,"column":39}},"locations":[{"start":{"line":15,"column":21},"end":{"line":15,"column":39}}]},"3":{"type":"branch","line":15,"loc":{"start":{"line":15,"column":28},"end":{"line":16,"column":33}},"locations":[{"start":{"line":15,"column":28},"end":{"line":16,"column":33}}]},"4":{"type":"branch","line":16,"loc":{"start":{"line":16,"column":26},"end":{"line":16,"column":44}},"locations":[{"start":{"line":16,"column":26},"end":{"line":16,"column":44}}]},"5":{"type":"branch","line":16,"loc":{"start":{"line":16,"column":33},"end":{"line":17,"column":32}},"locations":[{"start":{"line":16,"column":33},"end":{"line":17,"column":32}}]},"6":{"type":"branch","line":17,"loc":{"start":{"line":17,"column":25},"end":{"line":17,"column":39}},"locations":[{"start":{"line":17,"column":25},"end":{"line":17,"column":39}}]},"7":{"type":"branch","line":17,"loc":{"start":{"line":17,"column":32},"end":{"line":18,"column":32}},"locations":[{"start":{"line":17,"column":32},"end":{"line":18,"column":32}}]},"8":{"type":"branch","line":18,"loc":{"start":{"line":18,"column":25},"end":{"line":18,"column":39}},"locations":[{"start":{"line":18,"column":25},"end":{"line":18,"column":39}}]},"9":{"type":"branch","line":18,"loc":{"start":{"line":18,"column":32},"end":{"line":19,"column":28}},"locations":[{"start":{"line":18,"column":32},"end":{"line":19,"column":28}}]}},"b":{"0":[11],"1":[11],"2":[1],"3":[10],"4":[3],"5":[7],"6":[3],"7":[4],"8":[3],"9":[1]},"fnMap":{"0":{"name":"isPrime","decl":{"start":{"line":5,"column":0},"end":{"line":10,"column":1}},"loc":{"start":{"line":5,"column":0},"end":{"line":10,"column":1}},"line":5},"1":{"name":"createFizzBuzz","decl":{"start":{"line":12,"column":30},"end":{"line":22,"column":2}},"loc":{"start":{"line":12,"column":30},"end":{"line":22,"column":2}},"line":12},"2":{"name":"go","decl":{"start":{"line":14,"column":4},"end":{"line":20,"column":6}},"loc":{"start":{"line":14,"column":4},"end":{"line":20,"column":6}},"line":14}},"f":{"0":0,"1":11,"2":11}}
}
